c:\users\olegs\desktop\github\lab_06\lab_06\lab_06_04_iter\x64\debug\vc143.pdb
c:\users\olegs\desktop\github\lab_06\lab_06\lab_06_04_iter\x64\debug\vc143.idb
c:\users\olegs\desktop\github\lab_06\lab_06\lab_06_04_iter\x64\debug\lab_06_04_iter.obj
c:\users\olegs\desktop\github\lab_06\lab_06\lab_06_04_iter\x64\debug\lab_06_04_iter.ilk
c:\users\olegs\desktop\github\lab_06\lab_06\x64\debug\lab_06_04_iter.pdb
c:\users\olegs\desktop\github\lab_06\lab_06\lab_06_04_iter\x64\debug\lab_06_04_iter.tlog\cl.command.1.tlog
c:\users\olegs\desktop\github\lab_06\lab_06\lab_06_04_iter\x64\debug\lab_06_04_iter.tlog\cl.items.tlog
c:\users\olegs\desktop\github\lab_06\lab_06\lab_06_04_iter\x64\debug\lab_06_04_iter.tlog\cl.read.1.tlog
c:\users\olegs\desktop\github\lab_06\lab_06\lab_06_04_iter\x64\debug\lab_06_04_iter.tlog\cl.write.1.tlog
c:\users\olegs\desktop\github\lab_06\lab_06\lab_06_04_iter\x64\debug\lab_06_04_iter.tlog\link.22768-cvtres.read.1.tlog
c:\users\olegs\desktop\github\lab_06\lab_06\lab_06_04_iter\x64\debug\lab_06_04_iter.tlog\link.22768-cvtres.write.1.tlog
c:\users\olegs\desktop\github\lab_06\lab_06\lab_06_04_iter\x64\debug\lab_06_04_iter.tlog\link.22768-rc.read.1.tlog
c:\users\olegs\desktop\github\lab_06\lab_06\lab_06_04_iter\x64\debug\lab_06_04_iter.tlog\link.22768-rc.write.1.tlog
c:\users\olegs\desktop\github\lab_06\lab_06\lab_06_04_iter\x64\debug\lab_06_04_iter.tlog\link.22768.read.1.tlog
c:\users\olegs\desktop\github\lab_06\lab_06\lab_06_04_iter\x64\debug\lab_06_04_iter.tlog\link.22768.read.2.tlog
c:\users\olegs\desktop\github\lab_06\lab_06\lab_06_04_iter\x64\debug\lab_06_04_iter.tlog\link.22768.write.1.tlog
c:\users\olegs\desktop\github\lab_06\lab_06\lab_06_04_iter\x64\debug\lab_06_04_iter.tlog\link.command.1.tlog
c:\users\olegs\desktop\github\lab_06\lab_06\lab_06_04_iter\x64\debug\lab_06_04_iter.tlog\link.read.1.tlog
c:\users\olegs\desktop\github\lab_06\lab_06\lab_06_04_iter\x64\debug\lab_06_04_iter.tlog\link.secondary.1.tlog
c:\users\olegs\desktop\github\lab_06\lab_06\lab_06_04_iter\x64\debug\lab_06_04_iter.tlog\link.write.1.tlog
