  Lab_06_03_iter.cpp
C:\Users\olegs\Desktop\github\Lab_06\Lab_06\Lab_06_03_iter\Lab_06_03_iter.cpp(47,15): warning C4244: 'argument': conversion from 'time_t' to 'unsigned int', possible loss of data
C:\Users\olegs\Desktop\github\Lab_06\Lab_06\Lab_06_03_iter\Lab_06_03_iter.cpp(74,22): warning C4566: character represented by universal-character-name '\u041D' cannot be represented in the current code page (1252)
C:\Users\olegs\Desktop\github\Lab_06\Lab_06\Lab_06_03_iter\Lab_06_03_iter.cpp(74,22): warning C4566: character represented by universal-character-name '\u0435' cannot be represented in the current code page (1252)
C:\Users\olegs\Desktop\github\Lab_06\Lab_06\Lab_06_03_iter\Lab_06_03_iter.cpp(74,22): warning C4566: character represented by universal-character-name '\u043C' cannot be represented in the current code page (1252)
C:\Users\olegs\Desktop\github\Lab_06\Lab_06\Lab_06_03_iter\Lab_06_03_iter.cpp(74,22): warning C4566: character represented by universal-character-name '\u0430' cannot be represented in the current code page (1252)
C:\Users\olegs\Desktop\github\Lab_06\Lab_06\Lab_06_03_iter\Lab_06_03_iter.cpp(74,22): warning C4566: character represented by universal-character-name '\u0454' cannot be represented in the current code page (1252)
C:\Users\olegs\Desktop\github\Lab_06\Lab_06\Lab_06_03_iter\Lab_06_03_iter.cpp(74,22): warning C4566: character represented by universal-character-name '\u043D' cannot be represented in the current code page (1252)
C:\Users\olegs\Desktop\github\Lab_06\Lab_06\Lab_06_03_iter\Lab_06_03_iter.cpp(74,22): warning C4566: character represented by universal-character-name '\u043F' cannot be represented in the current code page (1252)
C:\Users\olegs\Desktop\github\Lab_06\Lab_06\Lab_06_03_iter\Lab_06_03_iter.cpp(74,22): warning C4566: character represented by universal-character-name '\u0440' cannot be represented in the current code page (1252)
C:\Users\olegs\Desktop\github\Lab_06\Lab_06\Lab_06_03_iter\Lab_06_03_iter.cpp(74,22): warning C4566: character represented by universal-character-name '\u0438' cannot be represented in the current code page (1252)
C:\Users\olegs\Desktop\github\Lab_06\Lab_06\Lab_06_03_iter\Lab_06_03_iter.cpp(74,22): warning C4566: character represented by universal-character-name '\u0445' cannot be represented in the current code page (1252)
C:\Users\olegs\Desktop\github\Lab_06\Lab_06\Lab_06_03_iter\Lab_06_03_iter.cpp(74,22): warning C4566: character represented by universal-character-name '\u0447' cannot be represented in the current code page (1252)
C:\Users\olegs\Desktop\github\Lab_06\Lab_06\Lab_06_03_iter\Lab_06_03_iter.cpp(74,22): warning C4566: character represented by universal-character-name '\u0441' cannot be represented in the current code page (1252)
C:\Users\olegs\Desktop\github\Lab_06\Lab_06\Lab_06_03_iter\Lab_06_03_iter.cpp(74,22): warning C4566: character represented by universal-character-name '\u043B' cannot be represented in the current code page (1252)
C:\Users\olegs\Desktop\github\Lab_06\Lab_06\Lab_06_03_iter\Lab_06_03_iter.cpp(74,22): warning C4566: character represented by universal-character-name '\u0443' cannot be represented in the current code page (1252)
C:\Users\olegs\Desktop\github\Lab_06\Lab_06\Lab_06_03_iter\Lab_06_03_iter.cpp(74,22): warning C4566: character represented by universal-character-name '\u0432' cannot be represented in the current code page (1252)
C:\Users\olegs\Desktop\github\Lab_06\Lab_06\Lab_06_03_iter\Lab_06_03_iter.cpp(74,22): warning C4566: character represented by universal-character-name '\u0456' cannot be represented in the current code page (1252)
C:\Users\olegs\Desktop\github\Lab_06\Lab_06\Lab_06_03_iter\Lab_06_03_iter.cpp(123,22): warning C4566: character represented by universal-character-name '\u041D' cannot be represented in the current code page (1252)
C:\Users\olegs\Desktop\github\Lab_06\Lab_06\Lab_06_03_iter\Lab_06_03_iter.cpp(123,22): warning C4566: character represented by universal-character-name '\u0435' cannot be represented in the current code page (1252)
C:\Users\olegs\Desktop\github\Lab_06\Lab_06\Lab_06_03_iter\Lab_06_03_iter.cpp(123,22): warning C4566: character represented by universal-character-name '\u043C' cannot be represented in the current code page (1252)
C:\Users\olegs\Desktop\github\Lab_06\Lab_06\Lab_06_03_iter\Lab_06_03_iter.cpp(123,22): warning C4566: character represented by universal-character-name '\u0430' cannot be represented in the current code page (1252)
C:\Users\olegs\Desktop\github\Lab_06\Lab_06\Lab_06_03_iter\Lab_06_03_iter.cpp(123,22): warning C4566: character represented by universal-character-name '\u0454' cannot be represented in the current code page (1252)
C:\Users\olegs\Desktop\github\Lab_06\Lab_06\Lab_06_03_iter\Lab_06_03_iter.cpp(123,22): warning C4566: character represented by universal-character-name '\u043D' cannot be represented in the current code page (1252)
C:\Users\olegs\Desktop\github\Lab_06\Lab_06\Lab_06_03_iter\Lab_06_03_iter.cpp(123,22): warning C4566: character represented by universal-character-name '\u043F' cannot be represented in the current code page (1252)
C:\Users\olegs\Desktop\github\Lab_06\Lab_06\Lab_06_03_iter\Lab_06_03_iter.cpp(123,22): warning C4566: character represented by universal-character-name '\u0440' cannot be represented in the current code page (1252)
C:\Users\olegs\Desktop\github\Lab_06\Lab_06\Lab_06_03_iter\Lab_06_03_iter.cpp(123,22): warning C4566: character represented by universal-character-name '\u0438' cannot be represented in the current code page (1252)
C:\Users\olegs\Desktop\github\Lab_06\Lab_06\Lab_06_03_iter\Lab_06_03_iter.cpp(123,22): warning C4566: character represented by universal-character-name '\u0445' cannot be represented in the current code page (1252)
C:\Users\olegs\Desktop\github\Lab_06\Lab_06\Lab_06_03_iter\Lab_06_03_iter.cpp(123,22): warning C4566: character represented by universal-character-name '\u0447' cannot be represented in the current code page (1252)
C:\Users\olegs\Desktop\github\Lab_06\Lab_06\Lab_06_03_iter\Lab_06_03_iter.cpp(123,22): warning C4566: character represented by universal-character-name '\u0441' cannot be represented in the current code page (1252)
C:\Users\olegs\Desktop\github\Lab_06\Lab_06\Lab_06_03_iter\Lab_06_03_iter.cpp(123,22): warning C4566: character represented by universal-character-name '\u043B' cannot be represented in the current code page (1252)
C:\Users\olegs\Desktop\github\Lab_06\Lab_06\Lab_06_03_iter\Lab_06_03_iter.cpp(123,22): warning C4566: character represented by universal-character-name '\u0443' cannot be represented in the current code page (1252)
C:\Users\olegs\Desktop\github\Lab_06\Lab_06\Lab_06_03_iter\Lab_06_03_iter.cpp(123,22): warning C4566: character represented by universal-character-name '\u0432' cannot be represented in the current code page (1252)
C:\Users\olegs\Desktop\github\Lab_06\Lab_06\Lab_06_03_iter\Lab_06_03_iter.cpp(123,22): warning C4566: character represented by universal-character-name '\u0456' cannot be represented in the current code page (1252)
C:\Users\olegs\Desktop\github\Lab_06\Lab_06\Lab_06_03_iter\Lab_06_03_iter.cpp(94,15): warning C4244: 'argument': conversion from 'time_t' to 'unsigned int', possible loss of data
      C:\Users\olegs\Desktop\github\Lab_06\Lab_06\Lab_06_03_iter\Lab_06_03_iter.cpp(94,15):
      the template instantiation context (the oldest one first) is
          C:\Users\olegs\Desktop\github\Lab_06\Lab_06\Lab_06_03_iter\Lab_06_03_iter.cpp(32,5):
          see reference to function template instantiation 'void GenerateArray_templates<int>(T *,int)' being compiled
          with
          [
              T=int
          ]
  
  Lab_06_03_iter.vcxproj -> C:\Users\olegs\Desktop\github\Lab_06\Lab_06\x64\Debug\Lab_06_03_iter.exe
